d:\workspace\qt\tinypng\tinypng\release\mainwindow.obj
d:\workspace\qt\tinypng\tinypng\release\myoverlay.obj
d:\workspace\qt\tinypng\tinypng\release\mytableview.obj
d:\workspace\qt\tinypng\tinypng\release\compressthreaddispatcher.obj
d:\workspace\qt\tinypng\tinypng\release\console.obj
d:\workspace\qt\tinypng\tinypng\release\singleapplication.obj
d:\workspace\qt\tinypng\tinypng\release\main.obj
d:\workspace\qt\tinypng\tinypng\release\compressthread.obj
d:\workspace\qt\tinypng\tinypng\release\config.obj
d:\workspace\qt\tinypng\tinypng\release\settingwindow.obj
d:\workspace\qt\tinypng\tinypng\release\scanner.obj
d:\workspace\qt\tinypng\tinypng\release\tablemodel.obj
d:\workspace\qt\tinypng\tinypng\release\qrc_resource.obj
d:\workspace\qt\tinypng\tinypng\release\moc_console.obj
d:\workspace\qt\tinypng\tinypng\release\moc_tablemodel.obj
d:\workspace\qt\tinypng\tinypng\release\moc_config.obj
d:\workspace\qt\tinypng\tinypng\release\moc_mainwindow.obj
d:\workspace\qt\tinypng\tinypng\release\moc_singleapplication.obj
d:\workspace\qt\tinypng\tinypng\release\moc_mytableview.obj
d:\workspace\qt\tinypng\tinypng\release\moc_settingwindow.obj
d:\workspace\qt\tinypng\tinypng\release\moc_compressthreaddispatcher.obj
d:\workspace\qt\tinypng\tinypng\release\moc_scanner.obj
d:\workspace\qt\tinypng\tinypng\release\moc_myoverlay.obj
d:\workspace\qt\tinypng\tinypng\release\moc_compressthread.obj
d:\workspace\qt\tinypng\tinypng\release\moc\moc_singleapplication.cpp
d:\workspace\qt\tinypng\tinypng\release\moc\moc_settingwindow.cpp
d:\workspace\qt\tinypng\tinypng\release\moc\moc_tablemodel.cpp
d:\workspace\qt\tinypng\tinypng\release\moc\moc_mainwindow.cpp
d:\workspace\qt\tinypng\tinypng\release\moc\moc_mytableview.cpp
d:\workspace\qt\tinypng\tinypng\release\moc\moc_scanner.cpp
d:\workspace\qt\tinypng\tinypng\release\moc\moc_myoverlay.cpp
d:\workspace\qt\tinypng\tinypng\release\moc\moc_console.cpp
d:\workspace\qt\tinypng\tinypng\release\moc\moc_compressthread.cpp
d:\workspace\qt\tinypng\tinypng\release\moc\moc_config.cpp
d:\workspace\qt\tinypng\tinypng\release\moc\moc_compressthreaddispatcher.cpp
d:\workspace\qt\tinypng\tinypng\release\tinypng.res
d:\workspace\qt\tinypng\tinypng\release\rcc\qrc_resource.cpp
d:\workspace\qt\tinypng\tinypng\release\uic\ui_console.h
d:\workspace\qt\tinypng\tinypng\release\uic\ui_settingwindow.h
d:\workspace\qt\tinypng\tinypng\release\tinypng.tlog\cl.command.1.tlog
d:\workspace\qt\tinypng\tinypng\release\tinypng.tlog\cl.read.1.tlog
d:\workspace\qt\tinypng\tinypng\release\tinypng.tlog\cl.write.1.tlog
d:\workspace\qt\tinypng\tinypng\release\tinypng.tlog\link-cvtres.read.1.tlog
d:\workspace\qt\tinypng\tinypng\release\tinypng.tlog\link-cvtres.write.1.tlog
d:\workspace\qt\tinypng\tinypng\release\tinypng.tlog\link-rc.read.1.tlog
d:\workspace\qt\tinypng\tinypng\release\tinypng.tlog\link-rc.write.1.tlog
d:\workspace\qt\tinypng\tinypng\release\tinypng.tlog\link.command.1.tlog
d:\workspace\qt\tinypng\tinypng\release\tinypng.tlog\link.read.1.tlog
d:\workspace\qt\tinypng\tinypng\release\tinypng.tlog\link.write.1.tlog
d:\workspace\qt\tinypng\tinypng\release\tinypng.tlog\moc.read.1u.tlog
d:\workspace\qt\tinypng\tinypng\release\tinypng.tlog\moc.write.1u.tlog
d:\workspace\qt\tinypng\tinypng\release\tinypng.tlog\rc.command.1.tlog
d:\workspace\qt\tinypng\tinypng\release\tinypng.tlog\rc.read.1.tlog
d:\workspace\qt\tinypng\tinypng\release\tinypng.tlog\rc.write.1.tlog
d:\workspace\qt\tinypng\tinypng\release\tinypng.tlog\rcc.read.1u.tlog
d:\workspace\qt\tinypng\tinypng\release\tinypng.tlog\rcc.write.1u.tlog
d:\workspace\qt\tinypng\tinypng\release\tinypng.tlog\tinypng.write.1u.tlog
d:\workspace\qt\tinypng\tinypng\release\tinypng.tlog\uic.read.1u.tlog
d:\workspace\qt\tinypng\tinypng\release\tinypng.tlog\uic.write.1u.tlog
