d:\workspace\qt\tinypng\tinypng\x64\release\compressthread.obj
d:\workspace\qt\tinypng\tinypng\x64\release\myoverlay.obj
d:\workspace\qt\tinypng\tinypng\x64\release\settingwindow.obj
d:\workspace\qt\tinypng\tinypng\x64\release\console.obj
d:\workspace\qt\tinypng\tinypng\x64\release\tablemodel.obj
d:\workspace\qt\tinypng\tinypng\x64\release\config.obj
d:\workspace\qt\tinypng\tinypng\x64\release\mytableview.obj
d:\workspace\qt\tinypng\tinypng\x64\release\main.obj
d:\workspace\qt\tinypng\tinypng\x64\release\listfile.obj
d:\workspace\qt\tinypng\tinypng\x64\release\singleapplication.obj
d:\workspace\qt\tinypng\tinypng\x64\release\compressthreaddispatcher.obj
d:\workspace\qt\tinypng\tinypng\x64\release\mainwindow.obj
d:\workspace\qt\tinypng\tinypng\x64\release\moc_mainwindow.obj
d:\workspace\qt\tinypng\tinypng\x64\release\qrc_resource.obj
d:\workspace\qt\tinypng\tinypng\x64\release\moc_console.obj
d:\workspace\qt\tinypng\tinypng\x64\release\moc_myoverlay.obj
d:\workspace\qt\tinypng\tinypng\x64\release\moc_compressthreaddispatcher.obj
d:\workspace\qt\tinypng\tinypng\x64\release\moc_mytableview.obj
d:\workspace\qt\tinypng\tinypng\x64\release\moc_singleapplication.obj
d:\workspace\qt\tinypng\tinypng\x64\release\moc_config.obj
d:\workspace\qt\tinypng\tinypng\x64\release\moc_settingwindow.obj
d:\workspace\qt\tinypng\tinypng\x64\release\moc_tablemodel.obj
d:\workspace\qt\tinypng\tinypng\x64\release\moc_compressthread.obj
d:\workspace\qt\tinypng\tinypng\x64\release\moc_listfile.obj
d:\workspace\qt\tinypng\x64\release\tinypng.exe
d:\workspace\qt\tinypng\tinypng\x64\release\moc\moc_singleapplication.cpp
d:\workspace\qt\tinypng\tinypng\x64\release\moc\moc_settingwindow.cpp
d:\workspace\qt\tinypng\tinypng\x64\release\moc\moc_tablemodel.cpp
d:\workspace\qt\tinypng\tinypng\x64\release\moc\moc_mainwindow.cpp
d:\workspace\qt\tinypng\tinypng\x64\release\moc\moc_mytableview.cpp
d:\workspace\qt\tinypng\tinypng\x64\release\moc\moc_listfile.cpp
d:\workspace\qt\tinypng\tinypng\x64\release\moc\moc_myoverlay.cpp
d:\workspace\qt\tinypng\tinypng\x64\release\moc\moc_console.cpp
d:\workspace\qt\tinypng\tinypng\x64\release\moc\moc_compressthread.cpp
d:\workspace\qt\tinypng\tinypng\x64\release\moc\moc_config.cpp
d:\workspace\qt\tinypng\tinypng\x64\release\moc\moc_compressthreaddispatcher.cpp
d:\workspace\qt\tinypng\tinypng\x64\release\tinypng.res
d:\workspace\qt\tinypng\tinypng\x64\release\rcc\qrc_resource.cpp
d:\workspace\qt\tinypng\tinypng\x64\release\uic\ui_console.h
d:\workspace\qt\tinypng\tinypng\x64\release\uic\ui_settingwindow.h
d:\workspace\qt\tinypng\tinypng\x64\release\tinypng.tlog\cl.2828.write.1.tlog
d:\workspace\qt\tinypng\tinypng\x64\release\tinypng.tlog\cl.command.1.tlog
d:\workspace\qt\tinypng\tinypng\x64\release\tinypng.tlog\cl.read.1.tlog
d:\workspace\qt\tinypng\tinypng\x64\release\tinypng.tlog\link.command.1.tlog
d:\workspace\qt\tinypng\tinypng\x64\release\tinypng.tlog\link.read.1.tlog
d:\workspace\qt\tinypng\tinypng\x64\release\tinypng.tlog\link.write.1.tlog
d:\workspace\qt\tinypng\tinypng\x64\release\tinypng.tlog\moc.read.1u.tlog
d:\workspace\qt\tinypng\tinypng\x64\release\tinypng.tlog\moc.write.1u.tlog
d:\workspace\qt\tinypng\tinypng\x64\release\tinypng.tlog\rc.command.1.tlog
d:\workspace\qt\tinypng\tinypng\x64\release\tinypng.tlog\rc.read.1.tlog
d:\workspace\qt\tinypng\tinypng\x64\release\tinypng.tlog\rc.write.1.tlog
d:\workspace\qt\tinypng\tinypng\x64\release\tinypng.tlog\rcc.read.1u.tlog
d:\workspace\qt\tinypng\tinypng\x64\release\tinypng.tlog\rcc.write.1u.tlog
d:\workspace\qt\tinypng\tinypng\x64\release\tinypng.tlog\tinypng.write.1u.tlog
d:\workspace\qt\tinypng\tinypng\x64\release\tinypng.tlog\uic.read.1u.tlog
d:\workspace\qt\tinypng\tinypng\x64\release\tinypng.tlog\uic.write.1u.tlog
